<?xml version="1.0" encoding="UTF-8"?>
<!-- Generated by org.testng.reporters.JUnitReportReporter -->
<testsuite hostname="VELU-PC" name="maven.training.AppTest" tests="3" failures="0" timestamp="6 Sep 2017 17:22:58 GMT" time="7.497" errors="0">
  <testcase name="XyzMethod" time="0.021" classname="maven.training.AppTest"/>
  <testcase name="AbcMethod" time="0.003" classname="maven.training.AppTest"/>
  <testcase name="OpenBrowser" time="7.473" classname="maven.training.AppTest"/>
</testsuite> <!-- maven.training.AppTest -->
