<?xml version="1.0" encoding="UTF-8"?>
<!-- Generated by org.testng.reporters.JUnitReportReporter -->
<testsuite hostname="VELU-PC" name="maven.training.MavenTest" tests="1" failures="0" timestamp="12 Dec 2017 01:23:03 GMT" time="0.031" errors="0">
  <testcase name="MavenTestMethod" time="0.031" classname="maven.training.MavenTest"/>
</testsuite> <!-- maven.training.MavenTest -->
